0 info it worked if it ends with ok
1 verbose cli [ 'node',
1 verbose cli   '/usr/local/bin/npm',
1 verbose cli   'install',
1 verbose cli   'nodejs-websocketet',
1 verbose cli   '--save' ]
2 info using npm@1.4.28
3 info using node@v0.10.32
4 verbose readDependencies using package.json deps
5 verbose cache add [ 'nodejs-websocketet', null ]
6 verbose cache add name=undefined spec="nodejs-websocketet" args=["nodejs-websocketet",null]
7 verbose parsed url { protocol: null,
7 verbose parsed url   slashes: null,
7 verbose parsed url   auth: null,
7 verbose parsed url   host: null,
7 verbose parsed url   port: null,
7 verbose parsed url   hostname: null,
7 verbose parsed url   hash: null,
7 verbose parsed url   search: null,
7 verbose parsed url   query: null,
7 verbose parsed url   pathname: 'nodejs-websocketet',
7 verbose parsed url   path: 'nodejs-websocketet',
7 verbose parsed url   href: 'nodejs-websocketet' }
8 silly lockFile 2e0d36a2-nodejs-websocketet nodejs-websocketet
9 verbose lock nodejs-websocketet /Users/marekmoscichowski/.npm/2e0d36a2-nodejs-websocketet.lock
10 silly lockFile 2e0d36a2-nodejs-websocketet nodejs-websocketet
11 silly lockFile 2e0d36a2-nodejs-websocketet nodejs-websocketet
12 verbose addNamed [ 'nodejs-websocketet', '' ]
13 verbose addNamed [ null, '*' ]
14 silly lockFile f54956ce-nodejs-websocketet nodejs-websocketet@
15 verbose lock nodejs-websocketet@ /Users/marekmoscichowski/.npm/f54956ce-nodejs-websocketet.lock
16 silly addNameRange { name: 'nodejs-websocketet', range: '*', hasData: false }
17 verbose request where is /nodejs-websocketet
18 verbose request registry https://registry.npmjs.org/
19 verbose request id 7da90ccdebbe31e3
20 verbose url raw /nodejs-websocketet
21 verbose url resolving [ 'https://registry.npmjs.org/', './nodejs-websocketet' ]
22 verbose url resolved https://registry.npmjs.org/nodejs-websocketet
23 verbose request where is https://registry.npmjs.org/nodejs-websocketet
24 info trying registry request attempt 1 at 10:37:18
25 http GET https://registry.npmjs.org/nodejs-websocketet
26 http 404 https://registry.npmjs.org/nodejs-websocketet
27 verbose headers { server: 'CouchDB/1.5.0 (Erlang OTP/R16B03)',
27 verbose headers   'content-type': 'application/json',
27 verbose headers   'cache-control': 'max-age=0',
27 verbose headers   'content-length': '51',
27 verbose headers   'accept-ranges': 'bytes',
27 verbose headers   date: 'Mon, 04 May 2015 08:37:19 GMT',
27 verbose headers   via: '1.1 varnish',
27 verbose headers   age: '0',
27 verbose headers   connection: 'keep-alive',
27 verbose headers   'x-served-by': 'cache-fra1231-FRA',
27 verbose headers   'x-cache': 'MISS',
27 verbose headers   'x-cache-hits': '0',
27 verbose headers   'x-timer': 'S1430728639.165893,VS0,VE727' }
28 silly registry.get cb [ 404,
28 silly registry.get   { server: 'CouchDB/1.5.0 (Erlang OTP/R16B03)',
28 silly registry.get     'content-type': 'application/json',
28 silly registry.get     'cache-control': 'max-age=0',
28 silly registry.get     'content-length': '51',
28 silly registry.get     'accept-ranges': 'bytes',
28 silly registry.get     date: 'Mon, 04 May 2015 08:37:19 GMT',
28 silly registry.get     via: '1.1 varnish',
28 silly registry.get     age: '0',
28 silly registry.get     connection: 'keep-alive',
28 silly registry.get     'x-served-by': 'cache-fra1231-FRA',
28 silly registry.get     'x-cache': 'MISS',
28 silly registry.get     'x-cache-hits': '0',
28 silly registry.get     'x-timer': 'S1430728639.165893,VS0,VE727' } ]
29 silly lockFile f54956ce-nodejs-websocketet nodejs-websocketet@
30 silly lockFile f54956ce-nodejs-websocketet nodejs-websocketet@
31 error 404 404 Not Found: nodejs-websocketet
31 error 404
31 error 404 'nodejs-websocketet' is not in the npm registry.
31 error 404 You should bug the author to publish it
31 error 404 It was specified as a dependency of 'websocketServer'
31 error 404
31 error 404 Note that you can also install from a
31 error 404 tarball, folder, or http url, or git url.
32 error System Darwin 14.3.0
33 error command "node" "/usr/local/bin/npm" "install" "nodejs-websocketet" "--save"
34 error cwd /Users/marekmoscichowski/Documents/Development/websocketServer
35 error node -v v0.10.32
36 error npm -v 1.4.28
37 error code E404
38 verbose exit [ 1, true ]
